<!DOCTYPE html><html lang="ja"><head><meta charset="utf-8"><meta http-equiv="X-UA-Compatible" content="IE=edge"><meta name="viewport" content="width=device-width, initial-scale=1"><link rel="alternative" href="/atom.xml" title="kt.log" type="application/atom+xml"><link rel="icon" href="/favicon.png"><title>Investigate query performance with Query Store on Azure Database for PostgreSQL - kt.log</title>
<link rel="stylesheet" href="/css/main.css">

<link rel="stylesheet" href="/js/fancybox/jquery.fancybox.min.css">
<!--[if lt IE 9]><script>(function(a,b){a="abbr article aside audio bdi canvas data datalist details dialog figcaption figure footer header hgroup main mark meter nav output progress section summary template time video".split(" ");for(b=a.length-1;b>=0;b--)document.createElement(a[b])})()</script><![endif]-->
<script src="/js/jquery-3.1.1.min.js"></script>

<script src="/js/fancybox/jquery.fancybox.min.js"></script>
<meta name="generator" content="Hexo 5.4.0"></head><body style="opacity:0"><header class="head"><h1 class="head-title u-fl"><a href="/">kt.log</a></h1><nav class="head-nav u-fr"><ul class="head-nav__list"><li class="head-nav__item"><a class="head-nav__link" href="/archives">Articles</a></li><li class="head-nav__item"><a class="head-nav__link" href="/tags">Tags</a></li><li class="head-nav__item"><a class="head-nav__link" href="/links">Links</a></li></ul></nav></header><main class="main"><article class="post"><header class="post__head"><time class="post__time" datetime="2022-07-15T04:43:22.000Z">2022-07-15 13:43:22</time><h1 class="post__title"><a href="/2022/07/15/Investigate-query-performance-with-Query-Store-on-Azure-Database-for-PostgreSQL/">Investigate query performance with Query Store on Azure Database for PostgreSQL</a></h1><div class="post__main echo"><h1 id="クエリのパフォーマンスを-Azure-Database-for-PostgreSQL-の-クエリ-ストア-を使って調査する"><a href="#クエリのパフォーマンスを-Azure-Database-for-PostgreSQL-の-クエリ-ストア-を使って調査する" class="headerlink" title="クエリのパフォーマンスを Azure Database for PostgreSQL の クエリ ストア を使って調査する"></a>クエリのパフォーマンスを Azure Database for PostgreSQL の クエリ ストア を使って調査する</h1><p>PostgreSQL に限らず、リレーショナルデータベースにおけるパフォーマンスチューニングに、クエリ実行に関する調査は必要不可欠です。具体的には、個々のクエリの実行時間を洗い出し、実行プランを把握し、待機イベント/待機統計等を調査してクエリの実行を阻害している要因を特定します。</p>
<p>本記事では、<a target="_blank" rel="noopener" href="https://docs.microsoft.com/azure/postgresql/">Azure Database for PostgreSQL</a> において、上記をどのように行うのかを、 (Azure ではなく) PostgreSQL 自体が提供する方法と比較し、例を交えて解説します。</p>
<h2 id="前提"><a href="#前提" class="headerlink" title="前提"></a>前提</h2><ul>
<li>PostgreSQL が提供する方法としては、主に <code>pg_stat_statements</code> を使用します。</li>
<li>Azure Database for PostgreSQL が提供する方法としては、 <code>クエリ ストア</code> を使用します。</li>
<li><code>psql</code> コマンドの利用を想定します。</li>
<li><code>\x on</code> を実行し、実行結果を見やすくしておきます。</li>
</ul>
<h2 id="クエリの実行時間"><a href="#クエリの実行時間" class="headerlink" title="クエリの実行時間"></a>クエリの実行時間</h2><h3 id="PostgreSQL"><a href="#PostgreSQL" class="headerlink" title="PostgreSQL"></a>PostgreSQL</h3><p><code>pg_stat_statements</code> を使用します。</p>
<h4 id="実行例"><a href="#実行例" class="headerlink" title="実行例"></a>実行例</h4><figure class="highlight sql"><table><tr><td class="gutter"><pre><span class="line">1</span><br><span class="line">2</span><br><span class="line">3</span><br><span class="line">4</span><br></pre></td><td class="code"><pre><span class="line"><span class="keyword">SELECT</span> query, calls, total_time, <span class="keyword">rows</span> </span><br><span class="line"><span class="keyword">FROM</span> pg_stat_statements </span><br><span class="line"><span class="keyword">ORDER</span> <span class="keyword">BY</span> total_time <span class="keyword">DESC</span> </span><br><span class="line">LIMIT <span class="number">1</span>;</span><br></pre></td></tr></table></figure>

<figure class="highlight plaintext"><table><tr><td class="gutter"><pre><span class="line">1</span><br></pre></td><td class="code"><pre><span class="line">(0 rows)</span><br></pre></td></tr></table></figure>

<h3 id="Azure-Database-for-PostgreSQL"><a href="#Azure-Database-for-PostgreSQL" class="headerlink" title="Azure Database for PostgreSQL"></a>Azure Database for PostgreSQL</h3><p>クエリ ストア を使用します。</p>
<h4 id="最も実行時間が長いクエリを特定する例"><a href="#最も実行時間が長いクエリを特定する例" class="headerlink" title="最も実行時間が長いクエリを特定する例:"></a>最も実行時間が長いクエリを特定する例:</h4><figure class="highlight sql"><table><tr><td class="gutter"><pre><span class="line">1</span><br><span class="line">2</span><br><span class="line">3</span><br><span class="line">4</span><br><span class="line">5</span><br><span class="line">6</span><br></pre></td><td class="code"><pre><span class="line"><span class="keyword">SELECT</span> <span class="keyword">DISTINCT</span> query_sql_text, total_time </span><br><span class="line"><span class="keyword">FROM</span> query_store.query_texts_view <span class="keyword">AS</span> qtv </span><br><span class="line"><span class="keyword">INNER</span> <span class="keyword">JOIN</span> query_store.runtime_stats_view <span class="keyword">AS</span> rsv </span><br><span class="line"><span class="keyword">ON</span> qtv.query_text_id <span class="operator">=</span> rsv.query_id </span><br><span class="line"><span class="keyword">ORDER</span> <span class="keyword">BY</span> total_time <span class="keyword">DESC</span> </span><br><span class="line">LIMIT <span class="number">1</span>;</span><br></pre></td></tr></table></figure>

<figure class="highlight plaintext"><table><tr><td class="gutter"><pre><span class="line">1</span><br><span class="line">2</span><br><span class="line">3</span><br></pre></td><td class="code"><pre><span class="line"> -[ RECORD 1 ]--+-----------------------------------------------------</span><br><span class="line">query_sql_text | SELECT pg_start_backup(&#x27;2022-02-3--09-06-16&#x27;, false)</span><br><span class="line">total_time     | 12269.1204319065</span><br></pre></td></tr></table></figure>


<h2 id="クエリの実行プラン"><a href="#クエリの実行プラン" class="headerlink" title="クエリの実行プラン"></a>クエリの実行プラン</h2><h3 id="PostgreSQL-1"><a href="#PostgreSQL-1" class="headerlink" title="PostgreSQL"></a>PostgreSQL</h3><p><code>EXPLAIN</code> または <code>EXPLAIN ANALYZE</code> を使用します。</p>
<h4 id="EXPLAIN-の例"><a href="#EXPLAIN-の例" class="headerlink" title="EXPLAIN の例"></a>EXPLAIN の例</h4><figure class="highlight sql"><table><tr><td class="gutter"><pre><span class="line">1</span><br><span class="line">2</span><br><span class="line">3</span><br><span class="line">4</span><br><span class="line">5</span><br><span class="line">6</span><br><span class="line">7</span><br></pre></td><td class="code"><pre><span class="line">EXPLAIN </span><br><span class="line"><span class="keyword">SELECT</span> <span class="keyword">DISTINCT</span> query_sql_text, total_time </span><br><span class="line"><span class="keyword">FROM</span> query_store.query_texts_view <span class="keyword">AS</span> qtv </span><br><span class="line"><span class="keyword">INNER</span> <span class="keyword">JOIN</span> query_store.runtime_stats_view <span class="keyword">AS</span> rsv </span><br><span class="line"><span class="keyword">ON</span> qtv.query_text_id <span class="operator">=</span> rsv.query_id </span><br><span class="line"><span class="keyword">ORDER</span> <span class="keyword">BY</span> total_time <span class="keyword">DESC</span> </span><br><span class="line">LIMIT <span class="number">1</span>;</span><br></pre></td></tr></table></figure>

<figure class="highlight plaintext"><table><tr><td class="gutter"><pre><span class="line">1</span><br><span class="line">2</span><br><span class="line">3</span><br><span class="line">4</span><br><span class="line">5</span><br><span class="line">6</span><br><span class="line">7</span><br><span class="line">8</span><br><span class="line">9</span><br><span class="line">10</span><br><span class="line">11</span><br><span class="line">12</span><br><span class="line">13</span><br><span class="line">14</span><br><span class="line">15</span><br><span class="line">16</span><br><span class="line">17</span><br><span class="line">18</span><br><span class="line">19</span><br><span class="line">20</span><br><span class="line">21</span><br><span class="line">22</span><br><span class="line">23</span><br><span class="line">24</span><br><span class="line">25</span><br><span class="line">26</span><br><span class="line">27</span><br><span class="line">28</span><br></pre></td><td class="code"><pre><span class="line">-[ RECORD 1 ]-----------------------------------------------------------------------------------------------------------------------------------------</span><br><span class="line">QUERY PLAN | Limit  (cost=513.75..513.75 rows=1 width=282)</span><br><span class="line">-[ RECORD 2 ]-----------------------------------------------------------------------------------------------------------------------------------------</span><br><span class="line">QUERY PLAN |   -&gt;  Sort  (cost=513.75..516.25 rows=1000 width=282)</span><br><span class="line">-[ RECORD 3 ]-----------------------------------------------------------------------------------------------------------------------------------------</span><br><span class="line">QUERY PLAN |         Sort Key: pivoted_runtime_stats_values.total_time DESC</span><br><span class="line">-[ RECORD 4 ]-----------------------------------------------------------------------------------------------------------------------------------------</span><br><span class="line">QUERY PLAN |         -&gt;  HashAggregate  (cost=498.75..508.75 rows=1000 width=282)</span><br><span class="line">-[ RECORD 5 ]-----------------------------------------------------------------------------------------------------------------------------------------</span><br><span class="line">QUERY PLAN |               Group Key: pivoted_runtime_stats_values.total_time, query_texts.query_sql_text</span><br><span class="line">-[ RECORD 6 ]-----------------------------------------------------------------------------------------------------------------------------------------</span><br><span class="line">QUERY PLAN |               -&gt;  Hash Join  (cost=478.39..493.75 rows=1000 width=282)</span><br><span class="line">-[ RECORD 7 ]-----------------------------------------------------------------------------------------------------------------------------------------</span><br><span class="line">QUERY PLAN |                     Hash Cond: (runtime_stats_entries.query_id = query_texts.query_text_id)</span><br><span class="line">-[ RECORD 8 ]-----------------------------------------------------------------------------------------------------------------------------------------</span><br><span class="line">QUERY PLAN |                     -&gt;  Hash Join  (cost=468.09..480.72 rows=1000 width=16)</span><br><span class="line">-[ RECORD 9 ]-----------------------------------------------------------------------------------------------------------------------------------------</span><br><span class="line">QUERY PLAN |                           Hash Cond: (pivoted_runtime_stats_values.runtime_stats_entry_id = runtime_stats_entries.runtime_stats_entry_id)</span><br><span class="line">-[ RECORD 10 ]----------------------------------------------------------------------------------------------------------------------------------------</span><br><span class="line">QUERY PLAN |                           -&gt;  Function Scan on crosstab pivoted_runtime_stats_values  (cost=0.00..10.00 rows=1000 width=16)</span><br><span class="line">-[ RECORD 11 ]----------------------------------------------------------------------------------------------------------------------------------------</span><br><span class="line">QUERY PLAN |                           -&gt;  Hash  (cost=278.04..278.04 rows=15204 width=16)</span><br><span class="line">-[ RECORD 12 ]----------------------------------------------------------------------------------------------------------------------------------------</span><br><span class="line">QUERY PLAN |                                 -&gt;  Seq Scan on runtime_stats_entries  (cost=0.00..278.04 rows=15204 width=16)</span><br><span class="line">-[ RECORD 13 ]----------------------------------------------------------------------------------------------------------------------------------------</span><br><span class="line">QUERY PLAN |                     -&gt;  Hash  (cost=9.02..9.02 rows=102 width=282)</span><br><span class="line">-[ RECORD 14 ]----------------------------------------------------------------------------------------------------------------------------------------</span><br><span class="line">QUERY PLAN |                           -&gt;  Seq Scan on query_texts  (cost=0.00..9.02 rows=102 width=282)</span><br></pre></td></tr></table></figure>

<h4 id="EXPLAIN-ANALYZE-の例"><a href="#EXPLAIN-ANALYZE-の例" class="headerlink" title="EXPLAIN ANALYZE の例"></a>EXPLAIN ANALYZE の例</h4><figure class="highlight sql"><table><tr><td class="gutter"><pre><span class="line">1</span><br><span class="line">2</span><br><span class="line">3</span><br><span class="line">4</span><br><span class="line">5</span><br><span class="line">6</span><br><span class="line">7</span><br></pre></td><td class="code"><pre><span class="line">EXPLAIN ANALYZE </span><br><span class="line"><span class="keyword">SELECT</span> <span class="keyword">DISTINCT</span> query_sql_text, total_time </span><br><span class="line"><span class="keyword">FROM</span> query_store.query_texts_view <span class="keyword">AS</span> qtv </span><br><span class="line"><span class="keyword">INNER</span> <span class="keyword">JOIN</span> query_store.runtime_stats_view <span class="keyword">AS</span> rsv </span><br><span class="line"><span class="keyword">ON</span> qtv.query_text_id <span class="operator">=</span> rsv.query_id </span><br><span class="line"><span class="keyword">ORDER</span> <span class="keyword">BY</span> total_time <span class="keyword">DESC</span> </span><br><span class="line">LIMIT <span class="number">1</span>;</span><br></pre></td></tr></table></figure>

<figure class="highlight plaintext"><table><tr><td class="gutter"><pre><span class="line">1</span><br><span class="line">2</span><br><span class="line">3</span><br><span class="line">4</span><br><span class="line">5</span><br><span class="line">6</span><br><span class="line">7</span><br><span class="line">8</span><br><span class="line">9</span><br><span class="line">10</span><br><span class="line">11</span><br><span class="line">12</span><br><span class="line">13</span><br><span class="line">14</span><br><span class="line">15</span><br><span class="line">16</span><br><span class="line">17</span><br><span class="line">18</span><br><span class="line">19</span><br><span class="line">20</span><br><span class="line">21</span><br><span class="line">22</span><br><span class="line">23</span><br><span class="line">24</span><br><span class="line">25</span><br><span class="line">26</span><br><span class="line">27</span><br><span class="line">28</span><br><span class="line">29</span><br><span class="line">30</span><br><span class="line">31</span><br><span class="line">32</span><br><span class="line">33</span><br><span class="line">34</span><br><span class="line">35</span><br><span class="line">36</span><br><span class="line">37</span><br><span class="line">38</span><br></pre></td><td class="code"><pre><span class="line">-[ RECORD 1 ]-----------------------------------------------------------------------------------------------------------------------------------------------------------------------------</span><br><span class="line">QUERY PLAN | Limit  (cost=513.75..513.75 rows=1 width=282) (actual time=531.545..531.548 rows=1 loops=1)</span><br><span class="line">-[ RECORD 2 ]-----------------------------------------------------------------------------------------------------------------------------------------------------------------------------</span><br><span class="line">QUERY PLAN |   -&gt;  Sort  (cost=513.75..516.25 rows=1000 width=282) (actual time=531.544..531.547 rows=1 loops=1)</span><br><span class="line">-[ RECORD 3 ]-----------------------------------------------------------------------------------------------------------------------------------------------------------------------------</span><br><span class="line">QUERY PLAN |         Sort Key: pivoted_runtime_stats_values.total_time DESC</span><br><span class="line">-[ RECORD 4 ]-----------------------------------------------------------------------------------------------------------------------------------------------------------------------------</span><br><span class="line">QUERY PLAN |         Sort Method: top-N heapsort  Memory: 26kB</span><br><span class="line">-[ RECORD 5 ]-----------------------------------------------------------------------------------------------------------------------------------------------------------------------------</span><br><span class="line">QUERY PLAN |         -&gt;  HashAggregate  (cost=498.75..508.75 rows=1000 width=282) (actual time=528.541..529.800 rows=8405 loops=1)</span><br><span class="line">-[ RECORD 6 ]-----------------------------------------------------------------------------------------------------------------------------------------------------------------------------</span><br><span class="line">QUERY PLAN |               Group Key: pivoted_runtime_stats_values.total_time, query_texts.query_sql_text</span><br><span class="line">-[ RECORD 7 ]-----------------------------------------------------------------------------------------------------------------------------------------------------------------------------</span><br><span class="line">QUERY PLAN |               -&gt;  Hash Join  (cost=478.39..493.75 rows=1000 width=282) (actual time=507.635..520.945 rows=15647 loops=1)</span><br><span class="line">-[ RECORD 8 ]-----------------------------------------------------------------------------------------------------------------------------------------------------------------------------</span><br><span class="line">QUERY PLAN |                     Hash Cond: (runtime_stats_entries.query_id = query_texts.query_text_id)</span><br><span class="line">-[ RECORD 9 ]-----------------------------------------------------------------------------------------------------------------------------------------------------------------------------</span><br><span class="line">QUERY PLAN |                     -&gt;  Hash Join  (cost=468.09..480.72 rows=1000 width=16) (actual time=507.535..518.182 rows=15647 loops=1)</span><br><span class="line">-[ RECORD 10 ]----------------------------------------------------------------------------------------------------------------------------------------------------------------------------</span><br><span class="line">QUERY PLAN |                           Hash Cond: (pivoted_runtime_stats_values.runtime_stats_entry_id = runtime_stats_entries.runtime_stats_entry_id)</span><br><span class="line">-[ RECORD 11 ]----------------------------------------------------------------------------------------------------------------------------------------------------------------------------</span><br><span class="line">QUERY PLAN |                           -&gt;  Function Scan on crosstab pivoted_runtime_stats_values  (cost=0.00..10.00 rows=1000 width=16) (actual time=504.439..511.154 rows=15647 loops=1)</span><br><span class="line">-[ RECORD 12 ]----------------------------------------------------------------------------------------------------------------------------------------------------------------------------</span><br><span class="line">QUERY PLAN |                           -&gt;  Hash  (cost=278.04..278.04 rows=15204 width=16) (actual time=3.066..3.066 rows=15647 loops=1)</span><br><span class="line">-[ RECORD 13 ]----------------------------------------------------------------------------------------------------------------------------------------------------------------------------</span><br><span class="line">QUERY PLAN |                                 Buckets: 16384  Batches: 1  Memory Usage: 862kB</span><br><span class="line">-[ RECORD 14 ]----------------------------------------------------------------------------------------------------------------------------------------------------------------------------</span><br><span class="line">QUERY PLAN |                                 -&gt;  Seq Scan on runtime_stats_entries  (cost=0.00..278.04 rows=15204 width=16) (actual time=0.019..1.573 rows=15647 loops=1)</span><br><span class="line">-[ RECORD 15 ]----------------------------------------------------------------------------------------------------------------------------------------------------------------------------</span><br><span class="line">QUERY PLAN |                     -&gt;  Hash  (cost=9.02..9.02 rows=102 width=282) (actual time=0.094..0.095 rows=108 loops=1)</span><br><span class="line">-[ RECORD 16 ]----------------------------------------------------------------------------------------------------------------------------------------------------------------------------</span><br><span class="line">QUERY PLAN |                           Buckets: 1024  Batches: 1  Memory Usage: 42kB</span><br><span class="line">-[ RECORD 17 ]----------------------------------------------------------------------------------------------------------------------------------------------------------------------------</span><br><span class="line">QUERY PLAN |                           -&gt;  Seq Scan on query_texts  (cost=0.00..9.02 rows=102 width=282) (actual time=0.012..0.053 rows=108 loops=1)</span><br><span class="line">-[ RECORD 18 ]----------------------------------------------------------------------------------------------------------------------------------------------------------------------------</span><br><span class="line">QUERY PLAN | Planning Time: 0.332 ms</span><br><span class="line">-[ RECORD 19 ]----------------------------------------------------------------------------------------------------------------------------------------------------------------------------</span><br><span class="line">QUERY PLAN | Execution Time: 536.642 ms</span><br></pre></td></tr></table></figure>


<h3 id="Azure-Database-for-PostgreSQL-1"><a href="#Azure-Database-for-PostgreSQL-1" class="headerlink" title="Azure Database for PostgreSQL"></a>Azure Database for PostgreSQL</h3><p>本記事執筆時点においては、Azure Database for PostgreSQL が独自に提供する方法はありません。<br><code>query_store.qs_view</code> に <code>plan_id</code> があり、実行プランの ID を取得できりようになってはいますが、まだ利用できません (値が入っていません)。<br>したがって、通常の PostgreSQL と同様、 <code>EXPLAIN</code> / <code>EXPLAIN ANALYZE</code> を使用します。</p>
<h2 id="待機イベント"><a href="#待機イベント" class="headerlink" title="待機イベント"></a>待機イベント</h2><h3 id="PostgreSQL-2"><a href="#PostgreSQL-2" class="headerlink" title="PostgreSQL"></a>PostgreSQL</h3><p><code>pg_stat_activity</code> を使用します。</p>
<h4 id="実行例-1"><a href="#実行例-1" class="headerlink" title="実行例"></a>実行例</h4><figure class="highlight sql"><table><tr><td class="gutter"><pre><span class="line">1</span><br><span class="line">2</span><br><span class="line">3</span><br></pre></td><td class="code"><pre><span class="line"><span class="keyword">SELECT</span> pid, wait_event_type, wait_event </span><br><span class="line"><span class="keyword">FROM</span> pg_stat_activity </span><br><span class="line"><span class="keyword">WHERE</span> wait_event <span class="keyword">IS</span> <span class="keyword">NOT</span> <span class="keyword">NULL</span>;</span><br></pre></td></tr></table></figure>

<figure class="highlight plaintext"><table><tr><td class="gutter"><pre><span class="line">1</span><br></pre></td><td class="code"><pre><span class="line">(0 rows)</span><br></pre></td></tr></table></figure>

<h3 id="Azure-Database-for-PostgreSQL-2"><a href="#Azure-Database-for-PostgreSQL-2" class="headerlink" title="Azure Database for PostgreSQL"></a>Azure Database for PostgreSQL</h3><p>クエリ ストア を使用します。</p>
<h4 id="最も実行時間が長いクエリの待機イベントを特定する例"><a href="#最も実行時間が長いクエリの待機イベントを特定する例" class="headerlink" title="最も実行時間が長いクエリの待機イベントを特定する例"></a>最も実行時間が長いクエリの待機イベントを特定する例</h4><figure class="highlight sql"><table><tr><td class="gutter"><pre><span class="line">1</span><br><span class="line">2</span><br><span class="line">3</span><br><span class="line">4</span><br><span class="line">5</span><br><span class="line">6</span><br><span class="line">7</span><br><span class="line">8</span><br></pre></td><td class="code"><pre><span class="line"><span class="keyword">SELECT</span> <span class="keyword">DISTINCT</span> pwsv.start_time, pwsv.end_time, qv.total_time, pwsv.event_type, pwsv.event, qtv.query_sql_text </span><br><span class="line"><span class="keyword">FROM</span> query_store.pgms_wait_sampling_view <span class="keyword">AS</span> pwsv </span><br><span class="line"><span class="keyword">INNER</span> <span class="keyword">JOIN</span> query_store.qs_view <span class="keyword">AS</span> qv </span><br><span class="line"><span class="keyword">ON</span> pwsv.query_id <span class="operator">=</span> qv.query_id </span><br><span class="line"><span class="keyword">INNER</span> <span class="keyword">JOIN</span> query_store.query_texts_view <span class="keyword">AS</span> qtv </span><br><span class="line"><span class="keyword">ON</span> pwsv.query_id <span class="operator">=</span> qtv.query_text_id </span><br><span class="line"><span class="keyword">ORDER</span> <span class="keyword">BY</span> total_time <span class="keyword">DESC</span> </span><br><span class="line">LIMIT <span class="number">1</span>;</span><br></pre></td></tr></table></figure>

<figure class="highlight plaintext"><table><tr><td class="gutter"><pre><span class="line">1</span><br><span class="line">2</span><br><span class="line">3</span><br><span class="line">4</span><br><span class="line">5</span><br><span class="line">6</span><br><span class="line">7</span><br></pre></td><td class="code"><pre><span class="line">-[ RECORD 1 ]--+-----------------------------------------------------</span><br><span class="line">start_time     | 2022-07-13 15:59:44+00</span><br><span class="line">end_time       | 2022-07-13 16:14:44+00</span><br><span class="line">total_time     | 12269.1204319065</span><br><span class="line">event_type     | IO</span><br><span class="line">event          | WALWrite</span><br><span class="line">query_sql_text | SELECT pg_start_backup(&#x27;2022-02-3--09-06-16&#x27;, false)</span><br></pre></td></tr></table></figure>


<h2 id="まとめ"><a href="#まとめ" class="headerlink" title="まとめ"></a>まとめ</h2><p>Azure Database for PostgreSQL において、クエリのパフォーマンスに関する調査をどのように行うのかを、 (Azure ではなく) PostgreSQL 自体が提供する方法と比較し、例を交えて解説しました。</p>
<p>クエリ ストア ではかなり詳細な情報を得ることができます。また、上記で挙げた SQL はほんの一例です。膨大なデータを活用し、パフォーマンスの改善に役立てていきましょう。</p>
<h2 id="See-also"><a href="#See-also" class="headerlink" title="See also"></a>See also</h2><h3 id="全般"><a href="#全般" class="headerlink" title="全般"></a>全般</h3><ul>
<li><a target="_blank" rel="noopener" href="https://docs.microsoft.com/azure/postgresql/single-server/concepts-query-store">クエリ ストア - Azure Database for PostgreSQL - Single Server | Microsoft Docs</a></li>
<li><a target="_blank" rel="noopener" href="https://www.fujitsu.com/jp/products/software/resources/feature-stories/postgres/article-index/sql-tuning/">チューニング ～SQLチューニングの概要～｜PostgreSQLインサイド : 富士通</a></li>
</ul>
<h3 id="クエリの実行時間-1"><a href="#クエリの実行時間-1" class="headerlink" title="クエリの実行時間"></a>クエリの実行時間</h3><ul>
<li><a target="_blank" rel="noopener" href="https://lets.postgresql.jp/documents/technical/query_analysis/1">スロークエリの分析 | Let’s POSTGRES</a></li>
<li><a target="_blank" rel="noopener" href="https://ptune.jp/tech/how-to-check-postgresql-slow-query/">スロークエリの確認方法：PostgreSQL編 - pTune.jp</a></li>
<li><a target="_blank" rel="noopener" href="https://powergres.sraoss.co.jp/tech/exp/05_slowquery/">» pg_stat_statements を使って遅い SQL を見つけ出そう – PowerGres 体験記 第 5 回 | 技術情報 | PowerGres</a></li>
<li><a target="_blank" rel="noopener" href="https://yohei-a.hatenablog.jp/entry/20201125/1606272077">PostgreSQL の pg_stat_statements で総実行時間の長いクエリランキングを取得する - ablog</a></li>
</ul>
<h3 id="クエリの実行プラン-1"><a href="#クエリの実行プラン-1" class="headerlink" title="クエリの実行プラン"></a>クエリの実行プラン</h3><ul>
<li><a target="_blank" rel="noopener" href="https://lets.postgresql.jp/sites/default/files/2016-11/Explaining_Explain_ja.pdf">Explaining Explain 〜 PostgreSQLの実行計画を読む 〜</a></li>
</ul>
<h3 id="待機イベント-1"><a href="#待機イベント-1" class="headerlink" title="待機イベント"></a>待機イベント</h3><ul>
<li><a target="_blank" rel="noopener" href="https://qiita.com/gobi819/items/29088ce25a6472a4e3d1">PostgreSQLの待機イベントをまとめてみた - Qiita</a></li>
</ul>
</div></header><footer class="post__foot u-cf"><ul class="post__tag u-fl"><li class="post__tag__item"><a class="post__tag__link" href="/tags/Azure/">Azure</a></li><li class="post__tag__item"><a class="post__tag__link" href="/tags/Azure-Database-for-PostgreSQL/">Azure Database for PostgreSQL</a></li><li class="post__tag__item"><a class="post__tag__link" href="/tags/PostgreSQL/">PostgreSQL</a></li></ul></footer></article></main><footer class="foot"><div class="foot-copy">&copy; 2021 - 2022 kt.log<a class="icp-a" href="https://github.com/k14i" target="view_window">by kt (Keisuke Takahashi)</a></div></footer><script>(function(b,o,i,l,e,r){b.GoogleAnalyticsObject=l;b[l]||(b[l]=function(){(b[l].q=b[l].q||[]).push(arguments)});b[l].l=+new Date;e=o.createElement(i);r=o.getElementsByTagName(i)[0];e.src='//www.google-analytics.com/analytics.js';r.parentNode.insertBefore(e,r)}(window,document,'script','ga'));
ga('create','G-9XBBR7M7V2');
ga('send','pageview');</script>
<script src="/js/scroller.js"></script>

<script src="/js/main.js"></script>
</body></html>